app/build/intermediates/manifest_merge_blame_file/debug/manifest-merger-blame-debug-report.txt
1<?xml version="1.0" encoding="utf-8"?>
2<manifest xmlns:android="http://schemas.android.com/apk/res/android"
3    package="com.streamapp"
4    android:versionCode="1"
5    android:versionName="1.0" >
6
7    <uses-sdk
8        android:minSdkVersion="21"
9        android:targetSdkVersion="33" />
10
11    <permission
11-->[androidx.core:core:1.9.0] AndroidManifest.xml:22:5-24:47
12        android:name="com.streamapp.DYNAMIC_RECEIVER_NOT_EXPORTED_PERMISSION"
12-->[androidx.core:core:1.9.0] AndroidManifest.xml:23:9-81
13        android:protectionLevel="signature" />
13-->[androidx.core:core:1.9.0] AndroidManifest.xml:24:9-44
14
15    <uses-permission android:name="com.streamapp.DYNAMIC_RECEIVER_NOT_EXPORTED_PERMISSION" />
15-->[androidx.core:core:1.9.0] AndroidManifest.xml:26:5-97
15-->[androidx.core:core:1.9.0] AndroidManifest.xml:26:22-94
16
17    <application
17-->src/main/AndroidManifest.xml:4:5-18:19
18        android:allowBackup="true"
18-->src/main/AndroidManifest.xml:4:18-44
19        android:appComponentFactory="androidx.core.app.CoreComponentFactory"
19-->[androidx.core:core:1.9.0] AndroidManifest.xml:28:18-86
20        android:debuggable="true"
21        android:extractNativeLibs="true"
22        android:label="StreamApp"
22-->src/main/AndroidManifest.xml:4:45-70
23        android:supportsRtl="true"
23-->src/main/AndroidManifest.xml:5:9-35
24        android:testOnly="true"
25        android:theme="@style/Theme.AppCompat.Light.DarkActionBar" >
25-->src/main/AndroidManifest.xml:5:36-94
26        <activity android:name="com.streamapp.ContentDetailActivity" />
26-->src/main/AndroidManifest.xml:7:9-59
26-->src/main/AndroidManifest.xml:7:19-56
27        <activity android:name="com.streamapp.ContentListActivity" />
27-->src/main/AndroidManifest.xml:8:9-57
27-->src/main/AndroidManifest.xml:8:19-54
28        <activity
28-->src/main/AndroidManifest.xml:9:9-16:20
29            android:name="com.streamapp.MainActivity"
29-->src/main/AndroidManifest.xml:10:13-41
30            android:exported="true" >
30-->src/main/AndroidManifest.xml:11:13-36
31            <intent-filter>
31-->src/main/AndroidManifest.xml:12:13-15:29
32                <action android:name="android.intent.action.MAIN" />
32-->src/main/AndroidManifest.xml:13:17-69
32-->src/main/AndroidManifest.xml:13:25-66
33
34                <category android:name="android.intent.category.LAUNCHER" />
34-->src/main/AndroidManifest.xml:14:17-77
34-->src/main/AndroidManifest.xml:14:27-74
35            </intent-filter>
36        </activity>
37
38        <provider
38-->[androidx.emoji2:emoji2:1.2.0] AndroidManifest.xml:24:9-32:20
39            android:name="androidx.startup.InitializationProvider"
39-->[androidx.emoji2:emoji2:1.2.0] AndroidManifest.xml:25:13-67
40            android:authorities="com.streamapp.androidx-startup"
40-->[androidx.emoji2:emoji2:1.2.0] AndroidManifest.xml:26:13-68
41            android:exported="false" >
41-->[androidx.emoji2:emoji2:1.2.0] AndroidManifest.xml:27:13-37
42            <meta-data
42-->[androidx.emoji2:emoji2:1.2.0] AndroidManifest.xml:29:13-31:52
43                android:name="androidx.emoji2.text.EmojiCompatInitializer"
43-->[androidx.emoji2:emoji2:1.2.0] AndroidManifest.xml:30:17-75
44                android:value="androidx.startup" />
44-->[androidx.emoji2:emoji2:1.2.0] AndroidManifest.xml:31:17-49
45            <meta-data
45-->[androidx.lifecycle:lifecycle-process:2.4.1] AndroidManifest.xml:31:13-33:52
46                android:name="androidx.lifecycle.ProcessLifecycleInitializer"
46-->[androidx.lifecycle:lifecycle-process:2.4.1] AndroidManifest.xml:32:17-78
47                android:value="androidx.startup" />
47-->[androidx.lifecycle:lifecycle-process:2.4.1] AndroidManifest.xml:33:17-49
48        </provider>
49    </application>
50
51</manifest>